<?xml version="1.0" encoding="UTF-8"?>
<testng-results ignored="0" total="1" passed="1" failed="0" skipped="0">
  <reporter-output>
  </reporter-output>
  <suite started-at="2020-07-01T21:08:50 EET" name="Default suite" finished-at="2020-07-01T21:09:16 EET" duration-ms="25859">
    <groups>
    </groups>
    <test started-at="2020-07-01T21:08:50 EET" name="Default test" finished-at="2020-07-01T21:09:16 EET" duration-ms="25859">
      <class name="automationFrameworkTests.seleniumJava.Registration_1Test2">
        <test-method is-config="true" signature="init()[pri:0, instance:automationFrameworkTests.seleniumJava.Registration_1Test2@152aa092]" started-at="2020-07-01T21:08:50 EET" name="init" finished-at="2020-07-01T21:09:04 EET" duration-ms="13169" status="PASS">
          <reporter-output>
          </reporter-output>
        </test-method> <!-- init -->
        <test-method signature="Reg_FirstName1()[pri:0, instance:automationFrameworkTests.seleniumJava.Registration_1Test2@152aa092]" started-at="2020-07-01T21:09:04 EET" name="Reg_FirstName1" finished-at="2020-07-01T21:09:16 EET" duration-ms="12616" status="PASS">
          <reporter-output>
          </reporter-output>
        </test-method> <!-- Reg_FirstName1 -->
        <test-method is-config="true" signature="tearDown()[pri:0, instance:automationFrameworkTests.seleniumJava.Registration_1Test2@152aa092]" started-at="2020-07-01T21:09:16 EET" name="tearDown" finished-at="2020-07-01T21:09:16 EET" duration-ms="0" status="PASS">
          <reporter-output>
          </reporter-output>
        </test-method> <!-- tearDown -->
      </class> <!-- automationFrameworkTests.seleniumJava.Registration_1Test2 -->
    </test> <!-- Default test -->
  </suite> <!-- Default suite -->
</testng-results>
