<?xml version="1.0" encoding="UTF-8" ?>
<testsuite tests="9" failures="2" name="TestSuite" time="45.388" errors="0" skipped="0">
  <properties>
[...]
</properties>
  <testcase classname="automationFrameworkTests.seleniumJava.CatFactTest" name="catFact" time="6.364"/>
  <testcase classname="automationFrameworkTests.seleniumJava.DDTTest" name="dataTestCase" time="2.67"/>
  <testcase classname="automationFrameworkTests.seleniumJava.GoogleTest" name="GoogleTestCase" time="19.509">
    <failure message="no such element: Unable to locate element: {&quot;method&quot;:&quot;xpath&quot;,&quot;selector&quot;:&quot;//*[@id=&quot;rso&quot;]/div[3]/div/div[1]/a/h3&quot;}
  (Session info: chrome=83.0.4103.116)
For documentation on this error, please visit: http://seleniumhq.org/exceptions/no_such_element.html
Build info: version: &apos;3.6.0&apos;, revision: &apos;6fbf3ec767&apos;, time: &apos;2017-09-27T15:28:36.4Z&apos;
System info: host: &apos;DESKTOP-99JJ921&apos;, ip: &apos;192.168.100.26&apos;, os.name: &apos;Windows 10&apos;, os.arch: &apos;amd64&apos;, os.version: &apos;10.0&apos;, java.version: &apos;11.0.5&apos;
Driver info: org.openqa.selenium.chrome.ChromeDriver
Capabilities [{networkConnectionEnabled=false, chrome={chromedriverVersion=83.0.4103.39 (ccbf011cb2d2b19b506d844400483861342c20cd-refs/branch-heads/4103@{#416}), userDataDir=C:\Users\DELL\AppData\Local\Temp\scoped_dir7368_1945048057}, timeouts={implicit=0, pageLoad=300000, script=30000}, pageLoadStrategy=normal, unhandledPromptBehavior=dismiss and notify, strictFileInteractability=false, platform=WINDOWS, proxy=Proxy(), goog:chromeOptions={debuggerAddress=localhost:49560}, acceptInsecureCerts=false, browserVersion=83.0.4103.116, browserName=chrome, javascriptEnabled=true, platformName=WINDOWS, setWindowRect=true, webauthn:virtualAuthenticators=true}]
Session ID: 31f72e608dd15b531be706bc3948b1b8
*** Element info: {Using=xpath, value=//*[@id=&quot;rso&quot;]/div[3]/div/div[1]/a/h3}" type="org.openqa.selenium.NoSuchElementException">org.openqa.selenium.NoSuchElementException: no such element: Unable to locate element: {&quot;method&quot;:&quot;xpath&quot;,&quot;selector&quot;:&quot;//*[@id=&quot;rso&quot;]/div[3]/div/div[1]/a/h3&quot;}
  (Session info: chrome=83.0.4103.116)
For documentation on this error, please visit: http://seleniumhq.org/exceptions/no_such_element.html
Build info: version: &apos;3.6.0&apos;, revision: &apos;6fbf3ec767&apos;, time: &apos;2017-09-27T15:28:36.4Z&apos;
System info: host: &apos;DESKTOP-99JJ921&apos;, ip: &apos;192.168.100.26&apos;, os.name: &apos;Windows 10&apos;, os.arch: &apos;amd64&apos;, os.version: &apos;10.0&apos;, java.version: &apos;11.0.5&apos;
Driver info: org.openqa.selenium.chrome.ChromeDriver
Capabilities [{networkConnectionEnabled=false, chrome={chromedriverVersion=83.0.4103.39 (ccbf011cb2d2b19b506d844400483861342c20cd-refs/branch-heads/4103@{#416}), userDataDir=C:\Users\DELL\AppData\Local\Temp\scoped_dir7368_1945048057}, timeouts={implicit=0, pageLoad=300000, script=30000}, pageLoadStrategy=normal, unhandledPromptBehavior=dismiss and notify, strictFileInteractability=false, platform=WINDOWS, proxy=Proxy(), goog:chromeOptions={debuggerAddress=localhost:49560}, acceptInsecureCerts=false, browserVersion=83.0.4103.116, browserName=chrome, javascriptEnabled=true, platformName=WINDOWS, setWindowRect=true, webauthn:virtualAuthenticators=true}]
Session ID: 31f72e608dd15b531be706bc3948b1b8
*** Element info: {Using=xpath, value=//*[@id=&quot;rso&quot;]/div[3]/div/div[1]/a/h3}
	at java.base/jdk.internal.reflect.NativeConstructorAccessorImpl.newInstance0(Native Method)
	at java.base/jdk.internal.reflect.NativeConstructorAccessorImpl.newInstance(NativeConstructorAccessorImpl.java:62)
	at java.base/jdk.internal.reflect.DelegatingConstructorAccessorImpl.newInstance(DelegatingConstructorAccessorImpl.java:45)
	at java.base/java.lang.reflect.Constructor.newInstance(Constructor.java:490)
	at org.openqa.selenium.remote.http.W3CHttpResponseCodec.createException(W3CHttpResponseCodec.java:185)
	at org.openqa.selenium.remote.http.W3CHttpResponseCodec.decode(W3CHttpResponseCodec.java:120)
	at org.openqa.selenium.remote.http.W3CHttpResponseCodec.decode(W3CHttpResponseCodec.java:49)
	at org.openqa.selenium.remote.HttpCommandExecutor.execute(HttpCommandExecutor.java:164)
	at org.openqa.selenium.remote.service.DriverCommandExecutor.execute(DriverCommandExecutor.java:83)
	at org.openqa.selenium.remote.RemoteWebDriver.execute(RemoteWebDriver.java:586)
	at org.openqa.selenium.remote.RemoteWebDriver.findElement(RemoteWebDriver.java:356)
	at org.openqa.selenium.remote.RemoteWebDriver.findElementByXPath(RemoteWebDriver.java:458)
	at org.openqa.selenium.By$ByXPath.findElement(By.java:361)
	at org.openqa.selenium.remote.RemoteWebDriver.findElement(RemoteWebDriver.java:348)
	at pageObjects.GoogleSearchResults.Result(GoogleSearchResults.java:23)
	at automationFrameworkTests.seleniumJava.GoogleTest.GoogleTestCase(GoogleTest.java:48)
</failure>
  </testcase>
  <testcase classname="automationFrameworkTests.seleniumJava.HeroKuappTest" name="GoogleTestCase" time="6.354"/>
  <testcase classname="automationFrameworkTests.seleniumJava.SeleniumTest" name="browserAutomation" time="0"/>
  <testcase classname="automationFrameworkTests.seleniumJava.SeleniumTest" name="elementsUI" time="0"/>
  <testcase classname="automationFrameworkTests.seleniumJava.TempTest" name="basePageNavigation" time="8.561"/>
  <testcase classname="automationFrameworkTests.seleniumJava.TestReportTest" name="openBrowser" time="0.016">
    <failure message="The driver executable does not exist: E:\Selenium CrossOver\chromedriver_win32\chromedriver.exe" type="java.lang.IllegalStateException">java.lang.IllegalStateException: The driver executable does not exist: E:\Selenium CrossOver\chromedriver_win32\chromedriver.exe
	at com.google.common.base.Preconditions.checkState(Preconditions.java:534)
	at org.openqa.selenium.remote.service.DriverService.checkExecutable(DriverService.java:136)
	at org.openqa.selenium.remote.service.DriverService.findExecutable(DriverService.java:131)
	at org.openqa.selenium.chrome.ChromeDriverService.access$000(ChromeDriverService.java:32)
	at org.openqa.selenium.chrome.ChromeDriverService$Builder.findDefaultExecutable(ChromeDriverService.java:137)
	at org.openqa.selenium.remote.service.DriverService$Builder.build(DriverService.java:329)
	at org.openqa.selenium.chrome.ChromeDriverService.createDefaultService(ChromeDriverService.java:88)
	at org.openqa.selenium.chrome.ChromeDriver.&lt;init&gt;(ChromeDriver.java:123)
	at automationFrameworkTests.seleniumJava.TestReportTest.openBrowser(TestReportTest.java:41)
</failure>
  </testcase>
  <testcase classname="automationFrameworkTests.seleniumJava.UploadFunctionalityTest" name="UploadTest" time="1.914"/>
</testsuite>